"../../../Engine/Content/Animation/DefaultAnimCurveCompressionSettings.uasset" 0
"../../../Engine/Content/ArtTools/RenderToTexture/Enums/RenderToTexture_Enum.uasset" 1
"../../../Engine/Content/ArtTools/RenderToTexture/Enums/RenderToTexture_Flipbook_Enum.uasset" 2
"../../../Engine/Content/ArtTools/RenderToTexture/Enums/RenderToTexture_Imposter_Enum.uasset" 3
"../../../Engine/Content/EditorBlueprintResources/StandardMacros.uasset" 4
"../../../Engine/Content/ArtTools/RenderToTexture/Enums/EIntTypes.uasset" 5
"../../../Engine/Content/ArtTools/RenderToTexture/Macros/RenderToTextureFunctionLibrary.uasset" 6
"../../../Engine/Content/ArtTools/RenderToTexture/Enums/EFloatTypes.uasset" 7
"../../../Engine/Content/ArtTools/RenderToTexture/Macros/RenderToTextureMacros.uasset" 8
"../../../Engine/Content/Functions/Engine_MaterialFunctions01/Opacity/CameraDepthFade.uasset" 9
"../../../Engine/Content/EngineMaterials/T_Default_Material_Grid_M.uasset" 10
"../../../Engine/Content/EngineMaterials/T_Default_Material_Grid_N.uasset" 11
"../../../Engine/Content/EngineMaterials/WorldGridMaterial.uasset" 12
"../../../Engine/Content/ArtTools/RenderToTexture/Meshes/S_1_Unit_Plane.uasset" 13
"../../../Engine/Content/EngineMaterials/DefaultMaterial.uasset" 14
"../../../Engine/Content/BasicShapes/Cone.uasset" 15
"../../../Engine/Content/BasicShapes/Plane.uasset" 16
"../../../Engine/Content/EngineMaterials/DefaultPhysicalMaterial.uasset" 17
"../../../Engine/Content/BufferVisualization/AmbientOcclusion.uasset" 18
"../../../Engine/Content/BufferVisualization/BaseColor.uasset" 19
"../../../Engine/Content/BufferVisualization/CustomDepth.uasset" 20
"../../../Engine/Content/Functions/Engine_MaterialFunctions02/Utility/VectorLength.uasset" 21
"../../../Engine/Content/BufferVisualization/CustomDepthWorldUnits.uasset" 22
"../../../Engine/Content/Functions/Engine_MaterialFunctions02/Utility/BreakOutFloat2Components.uasset" 23
"../../../Engine/Content/Functions/Engine_MaterialFunctions01/Texturing/ScaleUVsByCenter.uasset" 24
"../../../Engine/Content/Functions/Engine_MaterialFunctions02/ScreenResolution.uasset" 25
"../../../Engine/Content/Functions/Engine_MaterialFunctions02/Texturing/ScreenAlignedUVs.uasset" 26
"../../../Engine/Content/Functions/Engine_MaterialFunctions02/Utility/MakeFloat2.uasset" 27
"../../../Engine/Content/Functions/Engine_MaterialFunctions02/Utility/MakeFloat3.uasset" 28
"../../../Engine/Content/EngineMaterials/MiniFont.uasset" 29
"../../../Engine/Content/BufferVisualization/CustomStencil.uasset" 30
"../../../Engine/Content/BufferVisualization/FinalImage.uasset" 31
"../../../Engine/Content/BufferVisualization/LightingModel.uasset" 32
"../../../Engine/Content/BufferVisualization/MaterialAO.uasset" 33
"../../../Engine/Content/BufferVisualization/Metallic.uasset" 34
"../../../Engine/Content/BufferVisualization/Opacity.uasset" 35
"../../../Engine/Content/BufferVisualization/PostTonemapHDRColor.uasset" 36
"../../../Engine/Content/BufferVisualization/PreTonemapHDRColor.uasset" 37
"../../../Engine/Content/BufferVisualization/Roughness.uasset" 38
"../../../Engine/Content/BufferVisualization/SceneColor.uasset" 39
"../../../Engine/Content/BufferVisualization/SceneDepth.uasset" 40
"../../../Engine/Content/BufferVisualization/SceneDepthWorldUnits.uasset" 41
"../../../Engine/Content/BufferVisualization/SeparateTranslucencyA.uasset" 42
"../../../Engine/Content/BufferVisualization/SeparateTranslucencyRGB.uasset" 43
"../../../Engine/Content/BufferVisualization/Specular.uasset" 44
"../../../Engine/Content/BufferVisualization/SubsurfaceColor.uasset" 45
"../../../Engine/Content/BufferVisualization/Velocity.uasset" 46
"../../../Engine/Content/BufferVisualization/WorldNormal.uasset" 47
"../../../Engine/Content/EditorBlueprintResources/ActorMacros.uasset" 48
"../../../Engine/Content/EditorLandscapeResources/DataLayer.uasset" 49
"../../../Engine/Content/EditorLandscapeResources/DefaultAlphaTexture.uasset" 50
"../../../Engine/Content/EditorLandscapeResources/LandscapeGizmoHeight_Mat.uasset" 51
"../../../Engine/Content/EditorLandscapeResources/LandscapeGizmo_Mat.uasset" 52
"../../../Engine/Content/EditorLandscapeResources/LandscapeGizmo_Mat_Copied.uasset" 53
"../../../Engine/Content/EditorLandscapeResources/SplineEditorMeshMat.uasset" 54
"../../../Engine/Content/EditorLandscapeResources/SplineEditorMesh.uasset" 55
"../../../Engine/Content/EditorMaterials/Cross.uasset" 56
"../../../Engine/Content/EditorMaterials/Cross_Mat.uasset" 57
"../../../Engine/Content/EditorMaterials/GizmoMaterial.uasset" 58
"../../../Engine/Content/Functions/Engine_MaterialFunctions02/ExampleContent/Textures/flipbook.uasset" 59
"../../../Engine/Content/Functions/Engine_MaterialFunctions02/Texturing/FlipBook.uasset" 60
"../../../Engine/Content/Functions/Engine_MaterialFunctions02/Utility/Sign.uasset" 61
"../../../Engine/Content/Functions/Engine_MaterialFunctions02/Utility/Round.uasset" 62
"../../../Engine/Content/EditorResources/T_EditorHelp.uasset" 63
"../../../Engine/Content/EditorMaterials/HelpActorMaterial.uasset" 64
"../../../Engine/Content/EditorMaterials/CompositeARGBLayer.uasset" 65
"../../../Engine/Content/EditorMaterials/TilingAALineIntegral.uasset" 66
"../../../Engine/Content/EditorMaterials/TilingAALineBoxFiltered.uasset" 67
"../../../Engine/Content/Functions/Engine_MaterialFunctions03/Procedurals/ComputeFilterWidth.uasset" 68
"../../../Engine/Content/EditorMaterials/TilingAADots.uasset" 69
"../../../Engine/Content/EngineMaterials/BlendFunc_DefBase.uasset" 70
"../../../Engine/Content/EngineMaterials/BlendFunc_DefBlend.uasset" 71
"../../../Engine/Content/Functions/Engine_MaterialFunctions03/Blends/Blend_Screen.uasset" 72
"../../../Engine/Content/EditorMaterials/TilingAAGrid.uasset" 73
"../../../Engine/Content/EditorMaterials/LevelGridMaterial.uasset" 74
"../../../Engine/Content/EditorMaterials/MakeCompositeARGBLayer.uasset" 75
"../../../Engine/Content/EditorResources/LevelGrid1DStripes.uasset" 76
"../../../Engine/Content/EditorMaterials/TextureGridCascaded1D.uasset" 77
"../../../Engine/Content/EditorMaterials/TextureGridCascaded2D.uasset" 78
"../../../Engine/Content/EditorMaterials/LevelGridMaterial2.uasset" 79
"../../../Engine/Content/EditorMaterials/MAT_Groups_Toggle.uasset" 80
"../../../Engine/Content/EditorMaterials/MAT_Groups_Visibility.uasset" 81
"../../../Engine/Content/EditorMaterials/AntialiasedGridFloor.uasset" 82
"../../../Engine/Content/EditorResources/TilePatine_D.uasset" 83
"../../../Engine/Content/EditorResources/TilePatine_N.uasset" 84
"../../../Engine/Content/EngineMaterials/Grid.uasset" 85
"../../../Engine/Content/EditorMaterials/PersonaFloorMat.uasset" 86
"../../../Engine/Content/EditorMaterials/PhAT_BoneSelectedMaterial.uasset" 87
"../../../Engine/Content/EditorMaterials/PhAT_ElemSelectedMaterial.uasset" 88
"../../../Engine/Content/EditorMaterials/PhAT_NoCollisionMaterial.uasset" 89
"../../../Engine/Content/EditorMaterials/PhAT_UnselectedMaterial.uasset" 90
"../../../Engine/Content/EditorMaterials/PreviewShadowIndicator.uasset" 91
"../../../Engine/Content/EditorMaterials/PreviewShadowIndicatorMaterial.uasset" 92
"../../../Engine/Content/EditorMaterials/TargetIcon.uasset" 93
"../../../Engine/Content/EditorMaterials/Tick.uasset" 94
"../../../Engine/Content/EditorMaterials/Tick_Mat.uasset" 95
"../../../Engine/Content/EditorMaterials/WidgetGridVertexColorMaterial.uasset" 96
"../../../Engine/Content/EditorMaterials/WidgetGridVertexColorMaterial_Ma.uasset" 97
"../../../Engine/Content/EditorMaterials/WidgetMaterial.uasset" 98
"../../../Engine/Content/EditorMaterials/WidgetMaterial_Current.uasset" 99
"../../../Engine/Content/EditorMaterials/WidgetMaterial_X.uasset" 100
"../../../Engine/Content/EditorMaterials/WidgetMaterial_Y.uasset" 101
"../../../Engine/Content/EditorMaterials/WidgetMaterial_Z.uasset" 102
"../../../Engine/Content/EditorMaterials/WidgetVertexColorMaterial.uasset" 103
"../../../Engine/Content/EditorMaterials/MatineeGroups/MAT_ColorTrack.uasset" 104
"../../../Engine/Content/EditorMaterials/MatineeGroups/MAT_Groups_Anim.uasset" 105
"../../../Engine/Content/EditorMaterials/MatineeGroups/MAT_Groups_AudioMaster.uasset" 106
"../../../Engine/Content/EditorMaterials/MatineeGroups/MAT_Groups_Director.uasset" 107
"../../../Engine/Content/EditorMaterials/MatineeGroups/MAT_Groups_Event.uasset" 108
"../../../Engine/Content/EditorMaterials/MatineeGroups/MAT_Groups_Fade.uasset" 109
"../../../Engine/Content/EditorMaterials/MatineeGroups/MAT_Groups_Float.uasset" 110
"../../../Engine/Content/EditorMaterials/MatineeGroups/MAT_Groups_Move.uasset" 111
"../../../Engine/Content/EditorMaterials/MatineeGroups/MAT_Groups_Slomo.uasset" 112
"../../../Engine/Content/EditorMaterials/MatineeGroups/MAT_Groups_Sound.uasset" 113
"../../../Engine/Content/EditorMaterials/MatineeGroups/MAT_Groups_Vector.uasset" 114
"../../../Engine/Content/EditorMaterials/ParticleSystems/PSysThumbnail_NoImage.uasset" 115
"../../../Engine/Content/EditorMaterials/ParticleSystems/PSysThumbnail_OOD.uasset" 116
"../../../Engine/Content/EditorMaterials/Thumbnails/FloorPlaneMaterial.uasset" 117
"../../../Engine/Content/EditorMeshes/EditorCube.uasset" 118
"../../../Engine/Content/EditorMeshes/EditorCylinder.uasset" 119
"../../../Engine/Content/EditorMeshes/EditorPlane.uasset" 120
"../../../Engine/Content/EditorMaterials/Thumbnails/SkySphereMaterial.uasset" 121
"../../../Engine/Content/EditorMeshes/EditorSkySphere.uasset" 122
"../../../Engine/Content/EditorMeshes/EditorSphere.uasset" 123
"../../../Engine/Content/EditorResources/MatineeCam_D.uasset" 124
"../../../Engine/Content/EditorMaterials/MatineeCam_mat.uasset" 125
"../../../Engine/Content/EditorMeshes/MatineeCam_SM.uasset" 126
"../../../Engine/Content/Functions/Engine_MaterialFunctions01/Shading/ConvertFromDiffSpec.uasset" 127
"../../../Engine/Content/EditorMaterials/GridMaterial.uasset" 128
"../../../Engine/Content/EditorMeshes/PhAT_FloorBox.uasset" 129
"../../../Engine/Content/EditorMeshes/PlanarReflectionPlane.uasset" 130
"../../../Engine/Content/EditorMaterials/Camera/CineMat.uasset" 131
"../../../Engine/Content/EditorMaterials/Camera/MI_CineMat_CameraBody.uasset" 132
"../../../Engine/Content/EngineDebugMaterials/M_SimpleOpaque.uasset" 133
"../../../Engine/Content/EditorMaterials/Camera/MI_CineMat_CamViewFinder.uasset" 134
"../../../Engine/Content/EditorMeshes/Camera/SM_CineCam.uasset" 135
"../../../Engine/Content/EditorMaterials/Camera/MI_CineMat_Rig.uasset" 136
"../../../Engine/Content/EditorMeshes/Camera/SM_CraneRig_Arm.uasset" 137
"../../../Engine/Content/EditorMeshes/Camera/SM_CraneRig_Base.uasset" 138
"../../../Engine/Content/EditorMeshes/Camera/SM_CraneRig_Body.uasset" 139
"../../../Engine/Content/EditorMeshes/Camera/SM_CraneRig_Mount.uasset" 140
"../../../Engine/Content/EditorMeshes/Camera/SM_RailRig_Mount.uasset" 141
"../../../Engine/Content/EditorMeshes/Camera/SM_RailRig_Track.uasset" 142
"../../../Engine/Content/EditorMeshes/ColorCalibrator/M_ChromeBall.uasset" 143
"../../../Engine/Content/EditorResources/Bad.uasset" 144
"../../../Engine/Content/EditorResources/BSPVertex.uasset" 145
"../../../Engine/Content/EditorResources/EmptyActor.uasset" 146
"../../../Engine/Content/EditorResources/MatInstActSprite.uasset" 147
"../../../Engine/Content/EditorResources/SceneManager.uasset" 148
"../../../Engine/Content/EditorResources/SmallFont.uasset" 149
"../../../Engine/Content/EditorResources/S_Actor.uasset" 150
"../../../Engine/Content/EditorResources/S_DecalActorIcon.uasset" 151
"../../../Engine/Content/EditorResources/S_Emitter.uasset" 152
"../../../Engine/Content/EditorResources/S_ExpoHeightFog.uasset" 153
"../../../Engine/Content/EditorResources/S_FTest.uasset" 154
"../../../Engine/Content/EditorResources/S_KBSJoint.uasset" 155
"../../../Engine/Content/EditorResources/S_KHinge.uasset" 156
"../../../Engine/Content/EditorResources/S_KPrismatic.uasset" 157
"../../../Engine/Content/EditorResources/S_LevelSequence.uasset" 158
"../../../Engine/Content/EditorResources/S_NavP.uasset" 159
"../../../Engine/Content/EditorResources/S_Note.uasset" 160
"../../../Engine/Content/EditorResources/S_Player.uasset" 161
"../../../Engine/Content/EditorResources/S_PortalActorIcon2.uasset" 162
"../../../Engine/Content/EditorResources/S_RadForce.uasset" 163
"../../../Engine/Content/EditorResources/S_ReflActorIcon.uasset" 164
"../../../Engine/Content/EditorResources/S_Solver.uasset" 165
"../../../Engine/Content/EditorResources/S_Terrain.uasset" 166
"../../../Engine/Content/EditorResources/S_TextRenderActorIcon.uasset" 167
"../../../Engine/Content/EditorResources/S_Thruster.uasset" 168
"../../../Engine/Content/EditorResources/S_Trigger.uasset" 169
"../../../Engine/Content/EditorResources/S_VectorFieldVol.uasset" 170
"../../../Engine/Content/EditorResources/S_WindDirectional.uasset" 171
"../../../Engine/Content/EditorResources/AI/S_NavLink.uasset" 172
"../../../Engine/Content/EditorResources/AudioIcons/S_AudioComponent.uasset" 173
"../../../Engine/Content/EditorResources/AudioIcons/S_AudioComponent_AutoActivate.uasset" 174
"../../../Engine/Content/EditorResources/LightIcons/SkyLight.uasset" 175
"../../../Engine/Content/EditorResources/LightIcons/S_LightDirectional.uasset" 176
"../../../Engine/Content/EditorResources/LightIcons/S_LightDirectionalMove.uasset" 177
"../../../Engine/Content/EditorResources/LightIcons/S_LightError.uasset" 178
"../../../Engine/Content/EditorResources/LightIcons/S_LightPoint.uasset" 179
"../../../Engine/Content/EditorResources/LightIcons/S_LightPointMove.uasset" 180
"../../../Engine/Content/EditorResources/LightIcons/S_LightSpot.uasset" 181
"../../../Engine/Content/EditorResources/LightIcons/S_LightSpotMove.uasset" 182
"../../../Engine/Content/EditorResources/SequenceRecorder/Countdown.uasset" 183
"../../../Engine/Content/EditorResources/SequenceRecorder/RecordingIndicator.uasset" 184
"../../../Engine/Content/EditorResources/Spline/T_Loft_Spline.uasset" 185
"../../../Engine/Content/EditorSounds/Notifications/CompileFailed.uasset" 186
"../../../Engine/Content/EditorSounds/Notifications/CompileFailed_Cue.uasset" 187
"../../../Engine/Content/EditorSounds/Notifications/CompileSuccess.uasset" 188
"../../../Engine/Content/EditorSounds/Notifications/CompileStart_Cue.uasset" 189
"../../../Engine/Content/EditorSounds/Notifications/CompileSuccess_Cue.uasset" 190
"../../../Engine/Content/EngineDamageTypes/DmgTypeBP_Environmental.uasset" 191
"../../../Engine/Content/EngineDebugMaterials/HeatmapGradient.uasset" 192
"../../../Engine/Content/EngineDebugMaterials/BoneWeightMaterial.uasset" 193
"../../../Engine/Content/EngineDebugMaterials/ClothMaterial.uasset" 194
"../../../Engine/Content/EngineDebugMaterials/ClothMaterial_WF.uasset" 195
"../../../Engine/Content/EngineDebugMaterials/DebugEditorMaterial.uasset" 196
"../../../Engine/Content/EngineDebugMaterials/DebugMeshMaterial.uasset" 197
"../../../Engine/Content/EngineDebugMaterials/GeomMaterial.uasset" 198
"../../../Engine/Content/EngineDebugMaterials/LevelColorationLitMaterial.uasset" 199
"../../../Engine/Content/EngineDebugMaterials/LevelColorationUnlitMaterial.uasset" 200
"../../../Engine/Content/EngineMaterials/DefaultWhiteGrid.uasset" 201
"../../../Engine/Content/EngineDebugMaterials/MAT_LevelColorationLitLightmapUV.uasset" 202
"../../../Engine/Content/EngineDebugMaterials/M_SimpleTranslucent.uasset" 203
"../../../Engine/Content/Functions/Engine_MaterialFunctions02/Utility/CameraDirectionVector.uasset" 204
"../../../Engine/Content/EngineDebugMaterials/VolumeToRender.uasset" 205
"../../../Engine/Content/EngineDebugMaterials/M_VolumeRenderSphereTracePP.uasset" 206
"../../../Engine/Content/EngineDebugMaterials/ShadedLevelColorationLitMaterial.uasset" 207
"../../../Engine/Content/EngineDebugMaterials/ShadedLevelColorationUnlitMateri.uasset" 208
"../../../Engine/Content/EngineDebugMaterials/VertexColorMaterial.uasset" 209
"../../../Engine/Content/EngineDebugMaterials/VertexColorViewMode_AlphaAsColor.uasset" 210
"../../../Engine/Content/EngineDebugMaterials/VertexColorViewMode_BlueOnly.uasset" 211
"../../../Engine/Content/EngineDebugMaterials/VertexColorViewMode_ColorOnly.uasset" 212
"../../../Engine/Content/EngineDebugMaterials/VertexColorViewMode_GreenOnly.uasset" 213
"../../../Engine/Content/EngineDebugMaterials/VertexColorViewMode_RedOnly.uasset" 214
"../../../Engine/Content/EngineDebugMaterials/WireframeMaterial.uasset" 215
"../../../Engine/Content/EngineFonts/Faces/RobotoBold.uasset" 216
"../../../Engine/Content/EngineFonts/Faces/RobotoBoldItalic.uasset" 217
"../../../Engine/Content/EngineFonts/Faces/RobotoItalic.uasset" 218
"../../../Engine/Content/EngineFonts/Faces/RobotoLight.uasset" 219
"../../../Engine/Content/EngineFonts/Faces/RobotoRegular.uasset" 220
"../../../Engine/Content/EngineFonts/Roboto.uasset" 221
"../../../Engine/Content/EngineFonts/Faces/RobotoTiny.uasset" 222
"../../../Engine/Content/EngineFonts/RobotoTiny.uasset" 223
"../../../Engine/Content/EngineFonts/SmallFont.uasset" 224
"../../../Engine/Content/EngineFonts/TinyFont.uasset" 225
"../../../Engine/Content/EngineMaterials/BaseFlattenDiffuseMap.uasset" 226
"../../../Engine/Content/EngineMaterials/BaseFlattenEmissiveMap.uasset" 227
"../../../Engine/Content/EngineMaterials/BaseFlattenGrayscaleMap.uasset" 228
"../../../Engine/Content/EngineMaterials/BaseFlattenNormalMap.uasset" 229
"../../../Engine/Content/EngineMaterials/BaseFlattenMaterial.uasset" 230
"../../../Engine/Content/EngineResources/WhiteSquareTexture.uasset" 231
"../../../Engine/Content/EngineMaterials/BlinkingCaret.uasset" 232
"../../../Engine/Content/EngineMaterials/BlueNoise.uasset" 233
"../../../Engine/Content/EngineMaterials/DefaultBloomKernel.uasset" 234
"../../../Engine/Content/EngineMaterials/DefaultBokeh.uasset" 235
"../../../Engine/Content/EngineMaterials/DefaultDiffuse.uasset" 236
"../../../Engine/Content/EngineMaterials/DefaultDeferredDecalMaterial.uasset" 237
"../../../Engine/Content/EngineMaterials/DefaultLightFunctionMaterial.uasset" 238
"../../../Engine/Content/EngineMaterials/DefaultNormal.uasset" 239
"../../../Engine/Content/EngineMaterials/DefaultPostProcessMaterial.uasset" 240
"../../../Engine/Content/EngineFonts/RobotoDistanceField.uasset" 241
"../../../Engine/Content/EngineMaterials/DefaultTextMaterialOpaque.uasset" 242
"../../../Engine/Content/EngineMaterials/DefaultVirtualTextureMaterial.uasset" 243
"../../../Engine/Content/EngineMaterials/EditorBrushMaterial.uasset" 244
"../../../Engine/Content/EngineMaterials/DefaultWhiteGrid_Low.uasset" 245
"../../../Engine/Content/EngineMaterials/EmissiveMeshMaterial.uasset" 246
"../../../Engine/Content/EngineMaterials/Grid_N.uasset" 247
"../../../Engine/Content/EngineMaterials/HighResolutionScreenshotMaskFunction.uasset" 248
"../../../Engine/Content/EngineMaterials/HighResScreenshot.uasset" 249
"../../../Engine/Content/EngineMaterials/HighResScreenshotCaptureRegion.uasset" 250
"../../../Engine/Content/EngineMaterials/HighResScreenshotMask.uasset" 251
"../../../Engine/Content/EngineMaterials/LandscapeHolePhysicalMaterial.uasset" 252
"../../../Engine/Content/EngineMaterials/InvalidLightmapSettings.uasset" 253
"../../../Engine/Content/EngineMaterials/M_InvalidLightmapSettings.uasset" 254
"../../../Engine/Content/EngineMaterials/PaperDiffuse.uasset" 255
"../../../Engine/Content/EngineMaterials/PaperNormal.uasset" 256
"../../../Engine/Content/Functions/Engine_MaterialFunctions02/WorldPositionOffset/CameraOffset.uasset" 257
"../../../Engine/Content/EngineMaterials/PhAT_JointLimitMaterial.uasset" 258
"../../../Engine/Content/EngineMaterials/PhysMat_Rubber.uasset" 259
"../../../Engine/Content/EngineMaterials/PreintegratedSkinBRDF.uasset" 260
"../../../Engine/Content/EngineMaterials/RemoveSurfaceMaterial.uasset" 261
"../../../Engine/Content/EngineMaterials/WeightMapPlaceholderTexture.uasset" 262
"../../../Engine/Content/EngineMaterials/Widget3DPassThrough.uasset" 263
"../../../Engine/Content/EngineMaterials/Widget3DPassThrough_Masked.uasset" 264
"../../../Engine/Content/EngineMaterials/Widget3DPassThrough_Opaque.uasset" 265
"../../../Engine/Content/EngineMaterials/Widget3DPassThrough_Masked_OneSided.uasset" 266
"../../../Engine/Content/EngineMaterials/Widget3DPassThrough_Opaque_OneSided.uasset" 267
"../../../Engine/Content/EngineMaterials/Widget3DPassThrough_Translucent.uasset" 268
"../../../Engine/Content/EngineMaterials/Widget3DPassThrough_Translucent_OneSided.uasset" 269
"../../../Engine/Content/EngineMeshes/Cylinder.uasset" 270
"../../../Engine/Content/EngineMeshes/Sphere.uasset" 271
"../../../Engine/Content/EngineResources/DefaultTexture.uasset" 272
"../../../Engine/Content/EngineResources/DefaultTextureCube.uasset" 273
"../../../Engine/Content/EngineResources/DefaultVolumeTexture2D.uasset" 274
"../../../Engine/Content/EngineResources/DefaultVolumeTexture.uasset" 275
"../../../Engine/Content/EngineResources/GradientTexture0.uasset" 276
"../../../Engine/Content/EngineResources/StreamingPauseIcon.uasset" 277
"../../../Engine/Content/EngineResources/M_StreamingPause.uasset" 278
"../../../Engine/Content/EngineSounds/Master.uasset" 279
"../../../Engine/Content/Functions/Engine_MaterialFunctions01/Shading/PowerToRoughness.uasset" 280
"../../../Engine/Content/Maps/Templates/Thumbnails/Default.uasset" 281
"../../../Engine/Content/Maps/Templates/Thumbnails/VR-Basic.uasset" 282
"../../../Engine/Content/MapTemplates/Sky/DaylightAmbientCubemap.uasset" 283
"../../../Engine/Content/MobileResources/T_MobileControls_texture.uasset" 284
"../../../Engine/Content/MobileResources/T_MobileMenu2.uasset" 285
"../../../Engine/Content/MobileResources/HUD/AnalogHat.uasset" 286
"../../../Engine/Content/MobileResources/HUD/VirtualJoystick_Background.uasset" 287
"../../../Engine/Content/MobileResources/HUD/VirtualJoystick_Thumb.uasset" 288
"../../../Engine/Content/MobileResources/HUD/DefaultVirtualJoysticks.uasset" 289
"../../../Engine/Content/MobileResources/HUD/LeftVirtualJoystickOnly.uasset" 290
"../../../Engine/Content/MobileResources/HUD/MobileHUDButton1_off.uasset" 291
"../../../Engine/Content/MobileResources/HUD/MobileHUDButton1_on.uasset" 292
"../../../Engine/Content/MobileResources/HUD/MobileHUDButton2_off.uasset" 293
"../../../Engine/Content/MobileResources/HUD/MobileHUDButton2_on.uasset" 294
"../../../Engine/Content/MobileResources/HUD/MobileHUDButton3.uasset" 295
"../../../Engine/Content/MobileResources/HUD/MobileHUDButtonFire.uasset" 296
"../../../Engine/Content/MobileResources/HUD/MobileHUDDirectionPad.uasset" 297
"../../../Engine/Content/MobileResources/HUD/MobileHUDDirectionPad2.uasset" 298
"../../../Engine/Content/MobileResources/HUD/MobileHUDDirectionPad3.uasset" 299
"../../../Engine/Content/MobileResources/HUD/MobileHUDDirectionStick.uasset" 300
"../../../Engine/Content/MobileResources/HUD/T_Castle_ThumbstickInner.uasset" 301
"../../../Engine/Content/MobileResources/HUD/T_Castle_ThumbstickOutter.uasset" 302
"../../../Engine/Content/Tutorial/ContentIntroCurve.uasset" 303
"../../../Engine/Content/Tutorial/Basics/LevelEditorAttract.uasset" 304
"../../../Engine/Content/Tutorial/Basics/TutorialAssets/icon_tab_Levels_40x.uasset" 305
"../../../Engine/Content/Tutorial/Basics/LevelEditorOverview.uasset" 306
"../../../Engine/Content/Tutorial/BlueprintTutorials/TutorialAssets/Blueprint_64x.uasset" 307
"../../../Engine/Content/Tutorial/BlueprintTutorials/BlueprintEditorTutorial.uasset" 308
"../../../Engine/Content/Tutorial/BlueprintTutorials/TutorialAssets/BlueprintInterface_64x.uasset" 309
"../../../Engine/Content/Tutorial/BlueprintTutorials/BlueprintInterfacesEditorOverview.uasset" 310
"../../../Engine/Content/Tutorial/BlueprintTutorials/LevelBlueprintEditorOverview.uasset" 311
"../../../Engine/Content/Tutorial/BlueprintTutorials/TutorialAssets/Tutorial_BP_Interface.uasset" 312
"../../../Engine/Content/Tutorial/BlueprintTutorials/TutorialAssets/Tutorial_BP_MacroLib.uasset" 313
"../../../Engine/Content/Tutorial/Installation/InstallingVisualStudioTutorial.uasset" 314
"../../../Engine/Content/Tutorial/SubEditors/GettingSubstance.uasset" 315
"../../../Engine/Content/Tutorial/SubEditors/MaterialEditorTutorial.uasset" 316
"../../../Engine/Content/Tutorial/SubEditors/TutorialAssets/TutorialMaterial.uasset" 317
"../../../Engine/Content/VREditor/LaserPointer/VR_LaserPower_01.uasset" 318
"../../../Engine/Content/VREditor/TransformGizmo/TransformGizmoMaterial.uasset" 319
"../../../Engine/Content/VREditor/TransformGizmo/TranslucentTransformGizmoMaterial.uasset" 320
"../../../Engine/Content/VREditor/TransformGizmo/BoundingBoxCorner.uasset" 321
"../../../Engine/Content/VREditor/TransformGizmo/BoundingBoxEdge.uasset" 322
"../../../Engine/Content/VREditor/TransformGizmo/PlaneTranslationHandle.uasset" 323
"../../../Engine/Content/VREditor/TransformGizmo/Main.uasset" 324
"../../../Engine/Content/VREditor/TransformGizmo/Xray.uasset" 325
"../../../Engine/Content/VREditor/TransformGizmo/SM_Sequencer_Key.uasset" 326
"../../../Engine/Content/VREditor/TransformGizmo/SM_Sequencer_Node.uasset" 327
"D:/projects/unreal_engine/DKIT_Immersive_Envir/Content/OculusGoController/Textures/T_OculusGoController_BaseColor.uasset" 328
"D:/projects/unreal_engine/DKIT_Immersive_Envir/Content/OculusGoController/Textures/T_OculusGoController_Normal.uasset" 329
"D:/projects/unreal_engine/DKIT_Immersive_Envir/Content/OculusGoController/Textures/T_OculusGoController_OcclusionRoughnessMetallic.uasset" 330
"D:/projects/unreal_engine/DKIT_Immersive_Envir/Content/OculusGoController/Materials/M_OculusGoController.uasset" 331
"D:/projects/unreal_engine/DKIT_Immersive_Envir/Content/OculusGoController/Materials/M_OculusGoController_Highlight.uasset" 332
"D:/projects/unreal_engine/DKIT_Immersive_Envir/Content/OculusGoController/Meshes/SM_OculusGoController.uasset" 333
"D:/projects/unreal_engine/DKIT_Immersive_Envir/Content/OculusGoController/Blueprints/BP_OculusGoController.uasset" 334
"D:/projects/unreal_engine/DKIT_Immersive_Envir/Content/OceanFloor/Materials/M_GodRays.uasset" 335
"../../Plugins/2D/Paper2D/Content/DefaultSpriteMaterial.uasset" 336
"D:/projects/unreal_engine/DKIT_Immersive_Envir/Content/TranslucentUnlitSpriteMaterial.uasset" 337
"../../../Engine/Content/BasicShapes/Cube.uasset" 338
"../../../Engine/Content/BasicShapes/Cylinder.uasset" 339
"D:/projects/unreal_engine/DKIT_Immersive_Envir/Content/Blueprints/VRPawnBP.uasset" 340
"D:/projects/unreal_engine/DKIT_Immersive_Envir/Content/ThirdPersonBP/Blueprints/ThirdPersonGameMode.uasset" 341
"D:/projects/unreal_engine/DKIT_Immersive_Envir/Content/ThirdPersonBP/Maps/MuseumMapBP.uasset" 342
"D:/projects/unreal_engine/DKIT_Immersive_Envir/Content/ThirdPersonBP/Maps/ThirdPersonExampleMap.uasset" 343
"../../Plugins/2D/Paper2D/Content/PlaceholderTextures/DummySpriteTexture.uasset" 344
"../../Plugins/2D/Paper2D/Content/DummySprite.uasset" 345
"../../Plugins/2D/Paper2D/Content/DefaultPaperTerrainMaterial.uasset" 346
"../../Plugins/2D/Paper2D/Content/MaskedUnlitSpriteMaterial.uasset" 347
"../../Plugins/2D/Paper2D/Content/OpaqueUnlitSpriteMaterial.uasset" 348
"../../Plugins/Enterprise/DatasmithContent/Content/Blueprints/FBXImporter/ArrayOfActor.uasset" 349
"../../Plugins/Enterprise/DatasmithContent/Content/Blueprints/FBXImporter/ArrayOfSwitch.uasset" 350
"../../Plugins/Enterprise/DatasmithContent/Content/Blueprints/FBXImporter/BP_SceneNode.uasset" 351
"../../Plugins/Enterprise/DatasmithContent/Content/Blueprints/FBXImporter/BP_Switch.uasset" 352
"../../Plugins/Enterprise/DatasmithContent/Content/Blueprints/FBXImporter/BP_SceneRoot.uasset" 353
"../../Plugins/Enterprise/DatasmithContent/Content/Blueprints/FBXImporter/FBXImporterUtils.uasset" 354
"../../Plugins/Enterprise/DatasmithContent/Content/Blueprints/FBXImporter/Animation/DeltaGenAnimationTrackType.uasset" 355
"../../Plugins/Enterprise/DatasmithContent/Content/Blueprints/FBXImporter/Animation/VREDAnimationTrackComponent.uasset" 356
"../../Plugins/Enterprise/DatasmithContent/Content/Blueprints/FBXImporter/Animation/VREDAnimationTrackType.uasset" 357
"../../Plugins/Enterprise/DatasmithContent/Content/Blueprints/FBXImporter/Animation/VREDAnimCurveComponent.uasset" 358
"../../Plugins/Enterprise/DatasmithContent/Content/Blueprints/FBXImporter/Animation/VREDAnimCurveType.uasset" 359
"../../Plugins/Enterprise/DatasmithContent/Content/Blueprints/FBXImporter/Variants/VariantSwitchType.uasset" 360
"../../Plugins/Enterprise/DatasmithContent/Content/Blueprints/FBXImporter/Variants/VREDVariantSwitchType.uasset" 361
"../../Plugins/Enterprise/DatasmithContent/Content/Blueprints/FBXImporter/Variants/VREDVariantType.uasset" 362
"../../../Engine/Content/Functions/Engine_MaterialFunctions02/Texturing/CustomRotator.uasset" 363
"../../Plugins/Enterprise/DatasmithContent/Content/Materials/C4DMasterUV.uasset" 364
"../../Plugins/Enterprise/DatasmithContent/Content/Materials/TileMirrorAxis.uasset" 365
"../../Plugins/Enterprise/DatasmithContent/Content/Materials/UVEdit.uasset" 366
"../../../Engine/Content/Functions/Engine_MaterialFunctions01/Texturing/FlattenNormal.uasset" 367
"../../../Engine/Content/Functions/Engine_MaterialFunctions02/HueShift.uasset" 368
"../../../Engine/Content/ArtTools/RenderToTexture/Textures/127grey.uasset" 369
"../../../Engine/Content/EditorLandscapeResources/WhiteSquareTexture.uasset" 370
"../../../Engine/Content/EngineMaterials/T_Default_Normal.uasset" 371
"../../../Engine/Content/EngineResources/Black.uasset" 372
"../../Plugins/Enterprise/DatasmithContent/Content/Materials/C4DMaster.uasset" 373
"../../../Engine/Content/EngineMaterials/FlatNormal.uasset" 374
"../../Plugins/Enterprise/DatasmithContent/Content/Materials/CE_BaseMaster.uasset" 375
"../../Plugins/Enterprise/DatasmithContent/Content/Materials/CE_OpacityMaster.uasset" 376
"../../Plugins/Enterprise/DatasmithContent/Content/Materials/CE_OpacitySimpleMaster.uasset" 377
"../../Plugins/Enterprise/DatasmithContent/Content/Materials/CE_OpaqueMaster.uasset" 378
"../../../Engine/Content/Functions/Engine_MaterialFunctions03/Procedurals/NormalFromHeightmap.uasset" 379
"../../Plugins/Enterprise/DatasmithContent/Content/Materials/RevitMaster.uasset" 380
"../../Plugins/Enterprise/DatasmithContent/Content/Materials/SketchUpMaster.uasset" 381
"../../Plugins/Enterprise/DatasmithContent/Content/Materials/FBXImporter/DeltaGenUVEdit.uasset" 382
"../../Plugins/Enterprise/DatasmithContent/Content/Materials/FBXImporter/DeltaGenBase.uasset" 383
"../../Plugins/Enterprise/DatasmithContent/Content/Materials/FBXImporter/DeltaGenMaster.uasset" 384
"../../Plugins/Enterprise/DatasmithContent/Content/Materials/FBXImporter/DeltaGenMasterTransparent.uasset" 385
"../../Plugins/Enterprise/DatasmithContent/Content/Materials/FBXImporter/VRED/VREDRepeatMode.uasset" 386
"../../../Engine/Content/Functions/Engine_MaterialFunctions02/WorldPositionOffset/LocalPosition.uasset" 387
"../../Plugins/Enterprise/DatasmithContent/Content/Materials/FBXImporter/VRED/PlanarMapping.uasset" 388
"../../Plugins/Enterprise/DatasmithContent/Content/Materials/FBXImporter/VRED/ProcessNormal.uasset" 389
"../../../Engine/Content/Functions/Engine_MaterialFunctions02/WorldPositionOffset/ObjectScale.uasset" 390
"../../Plugins/Enterprise/DatasmithContent/Content/Materials/FBXImporter/VRED/TriplanarMapping.uasset" 391
"../../Plugins/Enterprise/DatasmithContent/Content/Materials/FBXImporter/VRED/UVMapping.uasset" 392
"../../Plugins/Enterprise/DatasmithContent/Content/Materials/FBXImporter/VRED/VREDTextureRead.uasset" 393
"../../../Engine/Content/Functions/Engine_MaterialFunctions01/Texturing/BakedDisplacement.uasset" 394
"../../../Engine/Content/Functions/Engine_MaterialFunctions02/Fresnel_Function.uasset" 395
"../../../Engine/Content/Functions/MaterialLayerFunctions/MatLayerBlend_Simple.uasset" 396
"../../Plugins/Enterprise/DatasmithContent/Content/Materials/FBXImporter/VRED/BrushedMetal.uasset" 397
"../../Plugins/Enterprise/DatasmithContent/Content/Materials/FBXImporter/VRED/Chrome.uasset" 398
"../../../Engine/Content/Functions/Engine_MaterialFunctions01/Texturing/ComputeMipLevel.uasset" 399
"../../../Engine/Content/Functions/Engine_MaterialFunctions01/Texturing/TextureCropping.uasset" 400
"../../../Engine/Content/Functions/Engine_MaterialFunctions02/Utility/BreakOutFloat3Components.uasset" 401
"../../../Engine/Content/Functions/Engine_MaterialFunctions02/ExampleContent/DebugNumberStrip.uasset" 402
"../../../Engine/Content/Functions/Engine_MaterialFunctions02/ExampleContent/Textures/DebugNumberPeriod.uasset" 403
"../../../Engine/Content/Functions/Engine_MaterialFunctions02/Utility/DebugScalarValues.uasset" 404
"../../../Engine/Content/Functions/Engine_MaterialFunctions02/Utility/DebugFloat3Values.uasset" 405
"../../../Engine/Content/Functions/Engine_MaterialFunctions02/Math/RGBtoHSV.uasset" 406
"../../Plugins/Enterprise/DatasmithContent/Content/Materials/FBXImporter/VRED/Glass.uasset" 407
"../../Plugins/Enterprise/DatasmithContent/Content/Materials/FBXImporter/VRED/Phong.uasset" 408
"../../Plugins/Enterprise/DatasmithContent/Content/Materials/FBXImporter/VRED/Plastic.uasset" 409
"../../../Engine/Content/Functions/MaterialLayerFunctions/MatLayerBlend_Standard.uasset" 410
"../../../Engine/Content/EditorShapes/Textures/T_ShapeNormal.uasset" 411
"../../Plugins/Enterprise/DatasmithContent/Content/Materials/FBXImporter/VRED/UnicolorCarpaint.uasset" 412
"../../Plugins/Runtime/Oculus/OculusVR/Content/OculusMR_RenderTarget.uasset" 413
"../../../Engine/Content/Functions/Engine_MaterialFunctions02/Utility/BreakOutFloat4Components.uasset" 414
"../../Plugins/Runtime/Oculus/OculusVR/Content/Materials/OculusMR_ChromaKey.uasset" 415
"../../Plugins/Runtime/Oculus/OculusVR/Content/Materials/OculusMR_ChromaKey_Lit.uasset" 416
"../../Plugins/Runtime/Oculus/OculusVR/Content/Materials/OculusMR_OpaqueColoredMaterial.uasset" 417
"../../Plugins/Runtime/Oculus/OculusVR/Content/Materials/OculusMR_WhiteMaterial.uasset" 418
"../../../Engine/Content/Maps/Entry_BuiltData.uasset" 419
"../../../Engine/Content/Maps/Entry.umap" 420
"D:/projects/unreal_engine/DKIT_Immersive_Envir/Content/OceanFloor/Meshes/SM_LightShaft.uasset" 421
"D:/projects/unreal_engine/DKIT_Immersive_Envir/Content/Blueprints/Animations/AnimationBaseBP.uasset" 422
"D:/projects/unreal_engine/DKIT_Immersive_Envir/Content/StarterContent/Textures/T_MacroVariation.uasset" 423
"D:/projects/unreal_engine/DKIT_Immersive_Envir/Content/StarterContent/Materials/M_Metal_Chrome.uasset" 424
"D:/projects/unreal_engine/DKIT_Immersive_Envir/Content/StarterContent/Textures/T_Wood_Walnut_D.uasset" 425
"D:/projects/unreal_engine/DKIT_Immersive_Envir/Content/StarterContent/Textures/T_Wood_Walnut_N.uasset" 426
"D:/projects/unreal_engine/DKIT_Immersive_Envir/Content/StarterContent/Materials/M_Wood_Walnut.uasset" 427
"../../../Engine/Content/Functions/Engine_MaterialFunctions01/Shading/FuzzyShading.uasset" 428
"../../../Engine/Content/Functions/Engine_MaterialFunctions02/SafeNormalize.uasset" 429
"../../../Engine/Content/Functions/Engine_MaterialFunctions02/Math/CreateThirdOrthogonalVector.uasset" 430
"../../../Engine/Content/Functions/Engine_MaterialFunctions02/Math/InverseTransformMatrix.uasset" 431
"../../../Engine/Content/Functions/Engine_MaterialFunctions02/Math/TransformToZVector.uasset" 432
"../../../Engine/Content/EngineVolumetrics/Fogsheet/Materials/T_EV_BlankWhite_01.uasset" 433
"../../../Engine/Content/Functions/Engine_MaterialFunctions01/Texturing/ParallaxOcclusionMapping.uasset" 434
"../../../Engine/Content/Functions/Engine_MaterialFunctions02/ExampleContent/Gradient.uasset" 435
"../../../Engine/Content/Functions/Engine_MaterialFunctions02/ExampleContent/Greyscale.uasset" 436
"../../../Engine/Content/Functions/Engine_MaterialFunctions02/Gradients/GradientMap_Multi.uasset" 437
"../../../Engine/Content/Functions/Engine_MaterialFunctions02/Texturing/ScreenAlignedPixelToPixelUVs.uasset" 438
"../../../Engine/Content/EngineMaterials/Good64x64TilingNoiseHighFreq.uasset" 439
"../../../Engine/Content/Functions/Engine_MaterialFunctions02/Utility/DitherTemporalAA.uasset" 440
"D:/projects/unreal_engine/DKIT_Immersive_Envir/Content/FabricCollection/Materials/Fabric/Fabric_Linen/Textures/T_Fabric_Linen_AO.uasset" 441
"D:/projects/unreal_engine/DKIT_Immersive_Envir/Content/FabricCollection/Materials/Fabric/Fabric_Linen/Textures/T_Fabric_Linen_BC.uasset" 442
"D:/projects/unreal_engine/DKIT_Immersive_Envir/Content/FabricCollection/Materials/Fabric/Fabric_Linen/Textures/T_Fabric_Linen_BCH.uasset" 443
"D:/projects/unreal_engine/DKIT_Immersive_Envir/Content/FabricCollection/Materials/Fabric/Fabric_Linen/Textures/T_Fabric_Linen_E.uasset" 444
"D:/projects/unreal_engine/DKIT_Immersive_Envir/Content/FabricCollection/Materials/Fabric/Fabric_Linen/Textures/T_Fabric_Linen_GC.uasset" 445
"D:/projects/unreal_engine/DKIT_Immersive_Envir/Content/FabricCollection/Materials/Fabric/Fabric_Linen/Textures/T_Fabric_Linen_N.uasset" 446
"D:/projects/unreal_engine/DKIT_Immersive_Envir/Content/FabricCollection/Materials/Fabric/Fabric_Linen/Textures/T_Fabric_Linen_ORG.uasset" 447
"D:/projects/unreal_engine/DKIT_Immersive_Envir/Content/FabricCollection/Materials/MasterMaterials/RM_FabricMaster.uasset" 448
"D:/projects/unreal_engine/DKIT_Immersive_Envir/Content/FabricCollection/Materials/Fabric/Fabric_Linen/MI_Linen_MASTER.uasset" 449
"D:/projects/unreal_engine/DKIT_Immersive_Envir/Content/FabricCollection/Materials/Fabric/Fabric_Linen/ColorVariants/MI_Linen_01Red.uasset" 450
"D:/projects/unreal_engine/DKIT_Immersive_Envir/Content/Beads/Mesh/lambert2.uasset" 451
"D:/projects/unreal_engine/DKIT_Immersive_Envir/Content/Beads/Mesh/lambert3.uasset" 452
"D:/projects/unreal_engine/DKIT_Immersive_Envir/Content/Beads/Mesh/lambert4.uasset" 453
"D:/projects/unreal_engine/DKIT_Immersive_Envir/Content/Beads/Mesh/BeadDisplay.uasset" 454
"D:/projects/unreal_engine/DKIT_Immersive_Envir/Content/Sound/audio-beads.uasset" 455
"D:/projects/unreal_engine/DKIT_Immersive_Envir/Content/Sound/BeadsAudioCue.uasset" 456
"D:/projects/unreal_engine/DKIT_Immersive_Envir/Content/Blueprints/Animations/BeadsAnimationBP.uasset" 457
"D:/projects/unreal_engine/DKIT_Immersive_Envir/Content/FabricCollection/Materials/Fabric/Fabric_Corduroy/Textures/T_Fabric_CorduroyVarA_AO.uasset" 458
"D:/projects/unreal_engine/DKIT_Immersive_Envir/Content/FabricCollection/Materials/Fabric/Fabric_Corduroy/Textures/T_Fabric_CorduroyVarA_BC.uasset" 459
"D:/projects/unreal_engine/DKIT_Immersive_Envir/Content/FabricCollection/Materials/Fabric/Fabric_Corduroy/Textures/T_Fabric_CorduroyVarA_BCH.uasset" 460
"D:/projects/unreal_engine/DKIT_Immersive_Envir/Content/FabricCollection/Materials/Fabric/Fabric_Corduroy/Textures/T_Fabric_CorduroyVarA_E.uasset" 461
"D:/projects/unreal_engine/DKIT_Immersive_Envir/Content/FabricCollection/Materials/Fabric/Fabric_Corduroy/Textures/T_Fabric_CorduroyVarA_GC.uasset" 462
"D:/projects/unreal_engine/DKIT_Immersive_Envir/Content/FabricCollection/Materials/Fabric/Fabric_Corduroy/Textures/T_Fabric_CorduroyVarA_N.uasset" 463
"D:/projects/unreal_engine/DKIT_Immersive_Envir/Content/FabricCollection/Materials/Fabric/Fabric_Corduroy/Textures/T_Fabric_CorduroyVarA_ORG.uasset" 464
"D:/projects/unreal_engine/DKIT_Immersive_Envir/Content/FabricCollection/Materials/Fabric/Fabric_Corduroy/MI_CorduroyVarA_MASTER.uasset" 465
"D:/projects/unreal_engine/DKIT_Immersive_Envir/Content/FabricCollection/Materials/Fabric/Fabric_Corduroy/MI_CorduroyVarA_SCAN.uasset" 466
"D:/projects/unreal_engine/DKIT_Immersive_Envir/Content/FabricCollection/Materials/Fabric/Fabric_Linen/ColorVariants/MI_Linen_08BlueGreen.uasset" 467
"D:/projects/unreal_engine/DKIT_Immersive_Envir/Content/Clothing/Mesh/Garments/Beads_Garment_Textured.uasset" 468
"D:/projects/unreal_engine/DKIT_Immersive_Envir/Content/Clothing/Materials/Pilgrim/Pilgrim_Body_Diffuse.uasset" 469
"D:/projects/unreal_engine/DKIT_Immersive_Envir/Content/Clothing/Materials/Pilgrim/Pilgrim_Body_Gloss.uasset" 470
"D:/projects/unreal_engine/DKIT_Immersive_Envir/Content/Clothing/Materials/Pilgrim/Pilgrim_Body_Normal.uasset" 471
"D:/projects/unreal_engine/DKIT_Immersive_Envir/Content/Clothing/Materials/Pilgrim/Pilgrim_Body_Opacity.uasset" 472
"D:/projects/unreal_engine/DKIT_Immersive_Envir/Content/Clothing/Materials/Pilgrim/Pilgrim_Body_Specular.uasset" 473
"D:/projects/unreal_engine/DKIT_Immersive_Envir/Content/Clothing/Materials/Pilgrim/Bodymat_ncl1_1.uasset" 474
"D:/projects/unreal_engine/DKIT_Immersive_Envir/Content/Clothing/Materials/Pilgrim/Bodymat_ncl1_2.uasset" 475
"D:/projects/unreal_engine/DKIT_Immersive_Envir/Content/Clothing/Mesh/Pilgrim/Pilgrim__1__PhysicsAsset.uasset" 476
"D:/projects/unreal_engine/DKIT_Immersive_Envir/Content/Clothing/Mesh/Pilgrim/Pilgrim__1__Skeleton.uasset" 477
"D:/projects/unreal_engine/DKIT_Immersive_Envir/Content/Clothing/Mesh/Pilgrim/Pilgrim__1_.uasset" 478
"D:/projects/unreal_engine/DKIT_Immersive_Envir/Content/Sound/audio-clothing.uasset" 479
"D:/projects/unreal_engine/DKIT_Immersive_Envir/Content/Sound/ClothingAudioCue.uasset" 480
"D:/projects/unreal_engine/DKIT_Immersive_Envir/Content/Blueprints/Animations/ClothingAnimationBP.uasset" 481
"D:/projects/unreal_engine/DKIT_Immersive_Envir/Content/Currach/Leather_Tar.uasset" 482
"D:/projects/unreal_engine/DKIT_Immersive_Envir/Content/Currach/Wood.uasset" 483
"D:/projects/unreal_engine/DKIT_Immersive_Envir/Content/Currach/DunCurrach_DonegalCurrach.uasset" 484
"D:/projects/unreal_engine/DKIT_Immersive_Envir/Content/Currach/DunCurrach_DonegalCurrachSkeleton.uasset" 485
"D:/projects/unreal_engine/DKIT_Immersive_Envir/Content/Sound/audio-currach.uasset" 486
"D:/projects/unreal_engine/DKIT_Immersive_Envir/Content/Sound/CurrachAudioCue.uasset" 487
"D:/projects/unreal_engine/DKIT_Immersive_Envir/Content/Blueprints/Animations/CurrachAnimationBP.uasset" 488
"D:/projects/unreal_engine/DKIT_Immersive_Envir/Content/Assets/Mesh/moss.uasset" 489
"D:/projects/unreal_engine/DKIT_Immersive_Envir/Content/Assets/Mesh/moss-np.uasset" 490
"D:/projects/unreal_engine/DKIT_Immersive_Envir/Content/Assets/Mesh/lambert3.uasset" 491
"D:/projects/unreal_engine/DKIT_Immersive_Envir/Content/Assets/Mesh/druids.uasset" 492
"D:/projects/unreal_engine/DKIT_Immersive_Envir/Content/Sound/DruidAudioClip.uasset" 493
"D:/projects/unreal_engine/DKIT_Immersive_Envir/Content/Sound/DruidAudioCue.uasset" 494
"D:/projects/unreal_engine/DKIT_Immersive_Envir/Content/Blueprints/Animations/DruidAnimationBP.uasset" 495
"D:/projects/unreal_engine/DKIT_Immersive_Envir/Content/Assets/Animated/LakeMonster/vr_lm_body.uasset" 496
"D:/projects/unreal_engine/DKIT_Immersive_Envir/Content/Assets/Animated/LakeMonster/vr_lm_claws.uasset" 497
"D:/projects/unreal_engine/DKIT_Immersive_Envir/Content/Assets/Animated/LakeMonster/vr_lm_teeth.uasset" 498
"D:/projects/unreal_engine/DKIT_Immersive_Envir/Content/Assets/Mesh/main-2-divs-reposed-diffuse.uasset" 499
"D:/projects/unreal_engine/DKIT_Immersive_Envir/Content/Assets/Mesh/main-2-divs-reposed-nm.uasset" 500
"D:/projects/unreal_engine/DKIT_Immersive_Envir/Content/Assets/Textures/main-2-divs-reposed.uasset" 501
"D:/projects/unreal_engine/DKIT_Immersive_Envir/Content/Assets/Materials/defaultMat1_ncl1_1.uasset" 502
"D:/projects/unreal_engine/DKIT_Immersive_Envir/Content/Assets/Textures/claws-1-divs.uasset" 503
"D:/projects/unreal_engine/DKIT_Immersive_Envir/Content/Assets/Materials/defaultMat1_ncl1_3.uasset" 504
"D:/projects/unreal_engine/DKIT_Immersive_Envir/Content/Sound/audio-lake-monster.uasset" 505
"D:/projects/unreal_engine/DKIT_Immersive_Envir/Content/Sound/LakeMonsterCue.uasset" 506
"D:/projects/unreal_engine/DKIT_Immersive_Envir/Content/Blueprints/Animations/LakeMonsterAnimationBP.uasset" 507
"../../../Engine/Content/EngineSky/C_Sky_Cloud_Color.uasset" 508
"../../../Engine/Content/EngineSky/C_Sky_Horizon_Color.uasset" 509
"../../../Engine/Content/EngineSky/C_Sky_Zenith_Color.uasset" 510
"../../../Engine/Content/EngineSky/T_Sky_Blue.uasset" 511
"../../../Engine/Content/EngineSky/T_Sky_Clouds_M.uasset" 512
"../../../Engine/Content/EngineSky/T_Sky_Stars.uasset" 513
"../../../Engine/Content/EngineSky/M_Sky_Panning_Clouds2.uasset" 514
"../../../Engine/Content/EngineSky/SM_SkySphere.uasset" 515
"../../../Engine/Content/EngineSky/BP_Sky_Sphere.uasset" 516
"D:/projects/unreal_engine/DKIT_Immersive_Envir/Content/Blueprints/VRInterfaceBP.uasset" 517
"D:/projects/unreal_engine/DKIT_Immersive_Envir/Content/ExampleContent/Blueprints/Materials/M_Blue_Shiny.uasset" 518
"D:/projects/unreal_engine/DKIT_Immersive_Envir/Content/ExampleContent/Blueprints/Materials/M_Blue_Shiny_Inst.uasset" 519
"D:/projects/unreal_engine/DKIT_Immersive_Envir/Content/Assets/Textures/props/pedistal__Rough.uasset" 520
"D:/projects/unreal_engine/DKIT_Immersive_Envir/Content/Assets/Textures/props/pedistal_Color.uasset" 521
"D:/projects/unreal_engine/DKIT_Immersive_Envir/Content/Assets/Textures/props/pedistal_Normal.uasset" 522
"D:/projects/unreal_engine/DKIT_Immersive_Envir/Content/Assets/Materials/M_pedistal.uasset" 523
"D:/projects/unreal_engine/DKIT_Immersive_Envir/Content/Assets/Mesh/pedistal_v1.uasset" 524
"D:/projects/unreal_engine/DKIT_Immersive_Envir/Content/ExampleContent/Blueprints/Materials/M_Orange_Shiny.uasset" 525
"D:/projects/unreal_engine/DKIT_Immersive_Envir/Content/ExampleContent/Blueprints/Meshes/SM_Button.uasset" 526
"D:/projects/unreal_engine/DKIT_Immersive_Envir/Content/DemoRoom/Materials/M_DemoWall.uasset" 527
"D:/projects/unreal_engine/DKIT_Immersive_Envir/Content/ExampleContent/Audio/Physical_Materials/Rubber.uasset" 528
"D:/projects/unreal_engine/DKIT_Immersive_Envir/Content/DemoRoom/Materials/M_DemoWall_Inst.uasset" 529
"D:/projects/unreal_engine/DKIT_Immersive_Envir/Content/ExampleContent/Audio/Physical_Materials/Metal.uasset" 530
"D:/projects/unreal_engine/DKIT_Immersive_Envir/Content/DemoRoom/Materials/M_DemoWall_Inst_3.uasset" 531
"D:/projects/unreal_engine/DKIT_Immersive_Envir/Content/DemoRoom/Materials/M_DemoWall_Inst_NamePlate.uasset" 532
"D:/projects/unreal_engine/DKIT_Immersive_Envir/Content/ExampleContent/Blueprints/Meshes/SM_Button_Base.uasset" 533
"D:/projects/unreal_engine/DKIT_Immersive_Envir/Content/Blueprints/PedestalPlayButtonBP.uasset" 534
"D:/projects/unreal_engine/DKIT_Immersive_Envir/Content/Assets/Textures/graphics/indicator.uasset" 535
"D:/projects/unreal_engine/DKIT_Immersive_Envir/Content/Assets/Materials/M_indicator.uasset" 536
"D:/projects/unreal_engine/DKIT_Immersive_Envir/Content/Assets/Mesh/indicator.uasset" 537
"../../Plugins/2D/Paper2D/Content/TranslucentUnlitSpriteMaterial.uasset" 538
"D:/projects/unreal_engine/DKIT_Immersive_Envir/Content/Assets/Textures/graphics/floor.uasset" 539
"D:/projects/unreal_engine/DKIT_Immersive_Envir/Content/Assets/Textures/graphics/floor_Sprite.uasset" 540
"D:/projects/unreal_engine/DKIT_Immersive_Envir/Content/Blueprints/PodBP.uasset" 541
"D:/projects/unreal_engine/DKIT_Immersive_Envir/Content/Blueprints/VRPreviewMaterial.uasset" 542
"../../../Engine/Content/BasicShapes/Sphere.uasset" 543
"D:/projects/unreal_engine/DKIT_Immersive_Envir/Content/Blueprints/VRPreviewBP.uasset" 544
"D:/projects/unreal_engine/DKIT_Immersive_Envir/Content/Blueprints/VRPlayerController0.uasset" 545
"D:/projects/unreal_engine/DKIT_Immersive_Envir/Content/Blueprints/VRGameMode.uasset" 546
"D:/projects/unreal_engine/DKIT_Immersive_Envir/Content/Maps/MuseumMapBP_BuiltData.uasset" 547
"D:/projects/unreal_engine/DKIT_Immersive_Envir/Content/StarterContent/Textures/T_Concrete_Poured_D.uasset" 548
"D:/projects/unreal_engine/DKIT_Immersive_Envir/Content/StarterContent/Textures/T_Concrete_Poured_N.uasset" 549
"D:/projects/unreal_engine/DKIT_Immersive_Envir/Content/StarterContent/Textures/T_Perlin_Noise_M.uasset" 550
"D:/projects/unreal_engine/DKIT_Immersive_Envir/Content/StarterContent/Materials/M_Concrete_Poured.uasset" 551
"D:/projects/unreal_engine/DKIT_Immersive_Envir/Content/Assets/Materials/M_beams.uasset" 552
"D:/projects/unreal_engine/DKIT_Immersive_Envir/Content/Assets/Mesh/Room_v1_beams.uasset" 553
"D:/projects/unreal_engine/DKIT_Immersive_Envir/Content/Assets/Textures/boards/lambert2SG_Base_Color.uasset" 554
"D:/projects/unreal_engine/DKIT_Immersive_Envir/Content/Assets/Textures/boards/lambert2SG_Normal_DirectX.uasset" 555
"D:/projects/unreal_engine/DKIT_Immersive_Envir/Content/Assets/Textures/boards/lambert2SG_Roughness.uasset" 556
"D:/projects/unreal_engine/DKIT_Immersive_Envir/Content/Assets/Materials/M_boards.uasset" 557
"D:/projects/unreal_engine/DKIT_Immersive_Envir/Content/Assets/Mesh/Room_v1_boards1.uasset" 558
"D:/projects/unreal_engine/DKIT_Immersive_Envir/Content/Assets/Textures/floor/Bitmap2Material_3_Base_Color.uasset" 559
"D:/projects/unreal_engine/DKIT_Immersive_Envir/Content/Assets/Textures/floor/Bitmap2Material_3_Normal.uasset" 560
"D:/projects/unreal_engine/DKIT_Immersive_Envir/Content/Assets/Textures/floor/floor_Roughness.uasset" 561
"D:/projects/unreal_engine/DKIT_Immersive_Envir/Content/Assets/Textures/floor/flooruntile.uasset" 562
"D:/projects/unreal_engine/DKIT_Immersive_Envir/Content/Assets/Materials/M_floor.uasset" 563
"D:/projects/unreal_engine/DKIT_Immersive_Envir/Content/Assets/Textures/wall/Bitmap2Material_3_Base_Color.uasset" 564
"D:/projects/unreal_engine/DKIT_Immersive_Envir/Content/Assets/Textures/wall/Bitmap2Material_3_Normal.uasset" 565
"D:/projects/unreal_engine/DKIT_Immersive_Envir/Content/Assets/Textures/wall/plaster_Roughness.uasset" 566
"D:/projects/unreal_engine/DKIT_Immersive_Envir/Content/Assets/Materials/M_walls.uasset" 567
"D:/projects/unreal_engine/DKIT_Immersive_Envir/Content/Assets/Textures/wall/lambert10SG_Base_Color.uasset" 568
"D:/projects/unreal_engine/DKIT_Immersive_Envir/Content/Assets/Textures/wall/lambert10SG_Normal_DirectX.uasset" 569
"D:/projects/unreal_engine/DKIT_Immersive_Envir/Content/Assets/Textures/wall/lambert10SG_Roughness.uasset" 570
"D:/projects/unreal_engine/DKIT_Immersive_Envir/Content/Assets/Materials/M_walls2.uasset" 571
"D:/projects/unreal_engine/DKIT_Immersive_Envir/Content/Assets/Mesh/Room_v1_room.uasset" 572
"D:/projects/unreal_engine/DKIT_Immersive_Envir/Content/Assets/Materials/M_trim.uasset" 573
"D:/projects/unreal_engine/DKIT_Immersive_Envir/Content/Assets/Mesh/Room_v1_trim1.uasset" 574
"D:/projects/unreal_engine/DKIT_Immersive_Envir/Content/Assets/Mesh/Room_v1_trim2.uasset" 575
"D:/projects/unreal_engine/DKIT_Immersive_Envir/Content/Sound/room-ambience.uasset" 576
"D:/projects/unreal_engine/DKIT_Immersive_Envir/Content/Sound/RoomAmbienceCue.uasset" 577
"D:/projects/unreal_engine/DKIT_Immersive_Envir/Content/StarterContent/Materials/M_Basic_Floor.uasset" 578
"D:/projects/unreal_engine/DKIT_Immersive_Envir/Content/StarterContent/Architecture/Floor_400x400.uasset" 579
"D:/projects/unreal_engine/DKIT_Immersive_Envir/Content/StarterContent/Materials/M_Basic_Wall.uasset" 580
"D:/projects/unreal_engine/DKIT_Immersive_Envir/Content/StarterContent/Architecture/Wall_400x400.uasset" 581
"D:/projects/unreal_engine/DKIT_Immersive_Envir/Content/Maps/MuseumMapBP.umap" 582
